<?xml version="1.0" encoding="UTF-8"?>
<testng-results skipped="0" failed="0" ignored="0" total="1" passed="1">
  <reporter-output>
  </reporter-output>
  <suite name="Default suite" duration-ms="32442" started-at="2019-10-06T07:55:56Z" finished-at="2019-10-06T07:56:29Z">
    <groups>
    </groups>
    <test name="Default test" duration-ms="32442" started-at="2019-10-06T07:55:56Z" finished-at="2019-10-06T07:56:29Z">
      <class name="com.crm.vtiger.quoteTest.QuoteTS_42_V2">
        <test-method status="PASS" signature="configBC()[pri:0, instance:com.crm.vtiger.quoteTest.QuoteTS_42_V2@5e3a8624]" name="configBC" is-config="true" duration-ms="6812" started-at="2019-10-06T07:55:56Z" finished-at="2019-10-06T07:56:03Z">
          <reporter-output>
          </reporter-output>
        </test-method> <!-- configBC -->
        <test-method status="PASS" signature="configBM()[pri:0, instance:com.crm.vtiger.quoteTest.QuoteTS_42_V2@5e3a8624]" name="configBM" is-config="true" duration-ms="4291" started-at="2019-10-06T07:56:03Z" finished-at="2019-10-06T07:56:08Z">
          <reporter-output>
          </reporter-output>
        </test-method> <!-- configBM -->
        <test-method status="PASS" signature="quoteTest()[pri:0, instance:com.crm.vtiger.quoteTest.QuoteTS_42_V2@5e3a8624]" name="quoteTest" duration-ms="19712" started-at="2019-10-06T07:56:08Z" finished-at="2019-10-06T07:56:27Z">
          <reporter-output>
          </reporter-output>
        </test-method> <!-- quoteTest -->
        <test-method status="PASS" signature="configAM()[pri:0, instance:com.crm.vtiger.quoteTest.QuoteTS_42_V2@5e3a8624]" name="configAM" is-config="true" duration-ms="1502" started-at="2019-10-06T07:56:27Z" finished-at="2019-10-06T07:56:29Z">
          <reporter-output>
          </reporter-output>
        </test-method> <!-- configAM -->
        <test-method status="PASS" signature="configAC()[pri:0, instance:com.crm.vtiger.quoteTest.QuoteTS_42_V2@5e3a8624]" name="configAC" is-config="true" duration-ms="96" started-at="2019-10-06T07:56:29Z" finished-at="2019-10-06T07:56:29Z">
          <reporter-output>
          </reporter-output>
        </test-method> <!-- configAC -->
      </class> <!-- com.crm.vtiger.quoteTest.QuoteTS_42_V2 -->
    </test> <!-- Default test -->
  </suite> <!-- Default suite -->
</testng-results>
